mode: count
github.com/memikequinn/lfs-server-go/common.go:10.24,11.16 1 85
github.com/memikequinn/lfs-server-go/common.go:11.16,14.13 3 0
github.com/memikequinn/lfs-server-go/common.go:18.56,21.31 2 0
github.com/memikequinn/lfs-server-go/common.go:26.2,29.34 2 0
github.com/memikequinn/lfs-server-go/common.go:34.2,34.38 1 0
github.com/memikequinn/lfs-server-go/common.go:41.2,41.14 1 0
github.com/memikequinn/lfs-server-go/common.go:21.31,23.3 1 0
github.com/memikequinn/lfs-server-go/common.go:29.34,31.3 1 0
github.com/memikequinn/lfs-server-go/common.go:34.38,36.19 2 0
github.com/memikequinn/lfs-server-go/common.go:36.19,38.4 1 0
github.com/memikequinn/lfs-server-go/common.go:44.51,48.2 2 13
github.com/memikequinn/lfs-server-go/common.go:50.63,55.2 2 51
github.com/memikequinn/lfs-server-go/content_store.go:17.58,18.48 1 7
github.com/memikequinn/lfs-server-go/content_store.go:22.2,22.33 1 7
github.com/memikequinn/lfs-server-go/content_store.go:18.48,20.3 1 0
github.com/memikequinn/lfs-server-go/content_store.go:27.65,31.2 2 5
github.com/memikequinn/lfs-server-go/content_store.go:34.65,39.47 4 7
github.com/memikequinn/lfs-server-go/content_store.go:43.2,44.16 2 7
github.com/memikequinn/lfs-server-go/content_store.go:47.2,53.16 5 7
github.com/memikequinn/lfs-server-go/content_store.go:57.2,59.26 2 7
github.com/memikequinn/lfs-server-go/content_store.go:63.2,64.24 2 5
github.com/memikequinn/lfs-server-go/content_store.go:68.2,68.49 1 5
github.com/memikequinn/lfs-server-go/content_store.go:71.2,71.12 1 5
github.com/memikequinn/lfs-server-go/content_store.go:39.47,41.3 1 0
github.com/memikequinn/lfs-server-go/content_store.go:44.16,46.3 1 0
github.com/memikequinn/lfs-server-go/content_store.go:53.16,56.3 2 0
github.com/memikequinn/lfs-server-go/content_store.go:59.26,61.3 1 2
github.com/memikequinn/lfs-server-go/content_store.go:64.24,66.3 1 0
github.com/memikequinn/lfs-server-go/content_store.go:68.49,70.3 1 0
github.com/memikequinn/lfs-server-go/content_store.go:75.54,77.49 2 3
github.com/memikequinn/lfs-server-go/content_store.go:80.2,80.13 1 2
github.com/memikequinn/lfs-server-go/content_store.go:77.49,79.3 1 1
github.com/memikequinn/lfs-server-go/meta_store.go:32.54,34.16 2 5
github.com/memikequinn/lfs-server-go/meta_store.go:38.2,38.36 1 5
github.com/memikequinn/lfs-server-go/meta_store.go:54.2,54.32 1 5
github.com/memikequinn/lfs-server-go/meta_store.go:34.16,36.3 1 0
github.com/memikequinn/lfs-server-go/meta_store.go:38.36,39.68 1 5
github.com/memikequinn/lfs-server-go/meta_store.go:43.3,43.70 1 5
github.com/memikequinn/lfs-server-go/meta_store.go:47.3,47.71 1 5
github.com/memikequinn/lfs-server-go/meta_store.go:51.3,51.13 1 5
github.com/memikequinn/lfs-server-go/meta_store.go:39.68,41.4 1 0
github.com/memikequinn/lfs-server-go/meta_store.go:43.70,45.4 1 0
github.com/memikequinn/lfs-server-go/meta_store.go:47.71,49.4 1 0
github.com/memikequinn/lfs-server-go/meta_store.go:59.63,60.39 1 18
github.com/memikequinn/lfs-server-go/meta_store.go:64.2,65.43 2 15
github.com/memikequinn/lfs-server-go/meta_store.go:80.2,80.16 1 15
github.com/memikequinn/lfs-server-go/meta_store.go:85.2,85.19 1 8
github.com/memikequinn/lfs-server-go/meta_store.go:60.39,62.3 1 3
github.com/memikequinn/lfs-server-go/meta_store.go:65.43,67.20 2 15
github.com/memikequinn/lfs-server-go/meta_store.go:71.3,72.22 2 15
github.com/memikequinn/lfs-server-go/meta_store.go:76.3,77.27 2 8
github.com/memikequinn/lfs-server-go/meta_store.go:67.20,69.4 1 0
github.com/memikequinn/lfs-server-go/meta_store.go:72.22,74.4 1 7
github.com/memikequinn/lfs-server-go/meta_store.go:80.16,83.3 2 7
github.com/memikequinn/lfs-server-go/meta_store.go:89.63,90.39 1 11
github.com/memikequinn/lfs-server-go/meta_store.go:95.2,95.40 1 9
github.com/memikequinn/lfs-server-go/meta_store.go:100.2,104.16 5 7
github.com/memikequinn/lfs-server-go/meta_store.go:108.2,108.44 1 7
github.com/memikequinn/lfs-server-go/meta_store.go:122.2,122.16 1 7
github.com/memikequinn/lfs-server-go/meta_store.go:126.2,126.19 1 7
github.com/memikequinn/lfs-server-go/meta_store.go:90.39,92.3 1 2
github.com/memikequinn/lfs-server-go/meta_store.go:95.40,98.3 2 2
github.com/memikequinn/lfs-server-go/meta_store.go:104.16,106.3 1 0
github.com/memikequinn/lfs-server-go/meta_store.go:108.44,110.20 2 7
github.com/memikequinn/lfs-server-go/meta_store.go:114.3,115.17 2 7
github.com/memikequinn/lfs-server-go/meta_store.go:119.3,119.13 1 7
github.com/memikequinn/lfs-server-go/meta_store.go:110.20,112.4 1 0
github.com/memikequinn/lfs-server-go/meta_store.go:115.17,117.4 1 0
github.com/memikequinn/lfs-server-go/meta_store.go:122.16,124.3 1 0
github.com/memikequinn/lfs-server-go/meta_store.go:130.29,132.2 1 0
github.com/memikequinn/lfs-server-go/meta_store.go:135.54,136.25 1 5
github.com/memikequinn/lfs-server-go/meta_store.go:139.2,139.45 1 5
github.com/memikequinn/lfs-server-go/meta_store.go:155.2,155.12 1 5
github.com/memikequinn/lfs-server-go/meta_store.go:136.25,138.3 1 0
github.com/memikequinn/lfs-server-go/meta_store.go:139.45,141.20 2 5
github.com/memikequinn/lfs-server-go/meta_store.go:144.3,145.17 2 5
github.com/memikequinn/lfs-server-go/meta_store.go:148.3,149.17 2 5
github.com/memikequinn/lfs-server-go/meta_store.go:152.3,152.13 1 5
github.com/memikequinn/lfs-server-go/meta_store.go:141.20,143.4 1 0
github.com/memikequinn/lfs-server-go/meta_store.go:145.17,147.4 1 0
github.com/memikequinn/lfs-server-go/meta_store.go:149.17,151.4 1 0
github.com/memikequinn/lfs-server-go/meta_store.go:159.51,160.25 1 0
github.com/memikequinn/lfs-server-go/meta_store.go:163.2,163.45 1 0
github.com/memikequinn/lfs-server-go/meta_store.go:173.2,173.12 1 0
github.com/memikequinn/lfs-server-go/meta_store.go:160.25,162.3 1 0
github.com/memikequinn/lfs-server-go/meta_store.go:163.45,165.20 2 0
github.com/memikequinn/lfs-server-go/meta_store.go:169.3,170.13 2 0
github.com/memikequinn/lfs-server-go/meta_store.go:165.20,167.4 1 0
github.com/memikequinn/lfs-server-go/meta_store.go:177.50,178.25 1 0
github.com/memikequinn/lfs-server-go/meta_store.go:181.2,183.43 2 0
github.com/memikequinn/lfs-server-go/meta_store.go:196.2,196.19 1 0
github.com/memikequinn/lfs-server-go/meta_store.go:178.25,180.3 1 0
github.com/memikequinn/lfs-server-go/meta_store.go:183.43,185.20 2 0
github.com/memikequinn/lfs-server-go/meta_store.go:189.3,189.42 1 0
github.com/memikequinn/lfs-server-go/meta_store.go:193.3,193.13 1 0
github.com/memikequinn/lfs-server-go/meta_store.go:185.20,187.4 1 0
github.com/memikequinn/lfs-server-go/meta_store.go:189.42,192.4 2 0
github.com/memikequinn/lfs-server-go/meta_store.go:200.54,203.43 2 0
github.com/memikequinn/lfs-server-go/meta_store.go:222.2,222.21 1 0
github.com/memikequinn/lfs-server-go/meta_store.go:203.43,205.20 2 0
github.com/memikequinn/lfs-server-go/meta_store.go:209.3,209.42 1 0
github.com/memikequinn/lfs-server-go/meta_store.go:219.3,219.13 1 0
github.com/memikequinn/lfs-server-go/meta_store.go:205.20,207.4 1 0
github.com/memikequinn/lfs-server-go/meta_store.go:209.42,213.18 4 0
github.com/memikequinn/lfs-server-go/meta_store.go:216.4,217.14 2 0
github.com/memikequinn/lfs-server-go/meta_store.go:213.18,215.5 1 0
github.com/memikequinn/lfs-server-go/meta_store.go:227.61,228.23 1 29
github.com/memikequinn/lfs-server-go/meta_store.go:232.2,232.25 1 29
github.com/memikequinn/lfs-server-go/meta_store.go:236.2,236.49 1 26
github.com/memikequinn/lfs-server-go/meta_store.go:239.2,240.16 2 26
github.com/memikequinn/lfs-server-go/meta_store.go:244.2,246.11 3 26
github.com/memikequinn/lfs-server-go/meta_store.go:249.2,250.25 2 26
github.com/memikequinn/lfs-server-go/meta_store.go:253.2,255.36 2 26
github.com/memikequinn/lfs-server-go/meta_store.go:264.2,265.16 2 26
github.com/memikequinn/lfs-server-go/meta_store.go:268.2,268.14 1 26
github.com/memikequinn/lfs-server-go/meta_store.go:228.23,230.3 1 0
github.com/memikequinn/lfs-server-go/meta_store.go:232.25,234.3 1 3
github.com/memikequinn/lfs-server-go/meta_store.go:236.49,238.3 1 0
github.com/memikequinn/lfs-server-go/meta_store.go:240.16,243.3 2 0
github.com/memikequinn/lfs-server-go/meta_store.go:246.11,248.3 1 0
github.com/memikequinn/lfs-server-go/meta_store.go:250.25,252.3 1 0
github.com/memikequinn/lfs-server-go/meta_store.go:255.36,257.20 2 26
github.com/memikequinn/lfs-server-go/meta_store.go:261.3,262.13 2 26
github.com/memikequinn/lfs-server-go/meta_store.go:257.20,259.4 1 0
github.com/memikequinn/lfs-server-go/meta_store.go:265.16,267.3 1 0
github.com/memikequinn/lfs-server-go/meta_store.go:271.56,273.2 1 0
github.com/memikequinn/lfs-server-go/mgmt-templates.rice-box.go:8.13,69.2 8 1
github.com/memikequinn/lfs-server-go/shared_content_store.go:5.38,6.18 1 28
github.com/memikequinn/lfs-server-go/shared_content_store.go:10.2,10.59 1 28
github.com/memikequinn/lfs-server-go/shared_content_store.go:6.18,8.3 1 0
github.com/memikequinn/lfs-server-go/aws_content_store.go:28.53,32.16 4 6
github.com/memikequinn/lfs-server-go/aws_content_store.go:36.2,40.18 5 6
github.com/memikequinn/lfs-server-go/aws_content_store.go:32.16,35.3 2 0
github.com/memikequinn/lfs-server-go/aws_content_store.go:44.46,46.16 2 6
github.com/memikequinn/lfs-server-go/aws_content_store.go:50.2,52.36 3 6
github.com/memikequinn/lfs-server-go/aws_content_store.go:57.2,57.13 1 6
github.com/memikequinn/lfs-server-go/aws_content_store.go:61.2,61.12 1 6
github.com/memikequinn/lfs-server-go/aws_content_store.go:46.16,49.3 2 0
github.com/memikequinn/lfs-server-go/aws_content_store.go:52.36,53.30 1 12
github.com/memikequinn/lfs-server-go/aws_content_store.go:53.30,55.4 1 6
github.com/memikequinn/lfs-server-go/aws_content_store.go:57.13,60.3 2 0
github.com/memikequinn/lfs-server-go/aws_content_store.go:64.68,67.2 2 2
github.com/memikequinn/lfs-server-go/aws_content_store.go:69.74,72.2 2 3
github.com/memikequinn/lfs-server-go/aws_content_store.go:75.68,86.16 6 5
github.com/memikequinn/lfs-server-go/aws_content_store.go:91.2,91.26 1 5
github.com/memikequinn/lfs-server-go/aws_content_store.go:94.2,95.24 2 3
github.com/memikequinn/lfs-server-go/aws_content_store.go:98.2,100.17 3 3
github.com/memikequinn/lfs-server-go/aws_content_store.go:104.2,104.25 1 3
github.com/memikequinn/lfs-server-go/aws_content_store.go:107.2,107.16 1 3
github.com/memikequinn/lfs-server-go/aws_content_store.go:86.16,89.3 2 0
github.com/memikequinn/lfs-server-go/aws_content_store.go:91.26,93.3 1 2
github.com/memikequinn/lfs-server-go/aws_content_store.go:95.24,97.3 1 0
github.com/memikequinn/lfs-server-go/aws_content_store.go:100.17,103.3 2 0
github.com/memikequinn/lfs-server-go/aws_content_store.go:104.25,106.3 1 0
github.com/memikequinn/lfs-server-go/aws_content_store.go:110.57,114.16 3 3
github.com/memikequinn/lfs-server-go/aws_content_store.go:123.2,123.13 1 2
github.com/memikequinn/lfs-server-go/aws_content_store.go:114.16,115.43 1 1
github.com/memikequinn/lfs-server-go/aws_content_store.go:115.43,117.4 1 1
github.com/memikequinn/lfs-server-go/aws_content_store.go:117.4,120.4 2 0
github.com/memikequinn/lfs-server-go/cassandra_service.go:13.46,27.2 13 24
github.com/memikequinn/lfs-server-go/cassandra_service.go:29.56,33.16 3 24
github.com/memikequinn/lfs-server-go/cassandra_service.go:38.2,40.16 3 24
github.com/memikequinn/lfs-server-go/cassandra_service.go:45.2,47.16 3 24
github.com/memikequinn/lfs-server-go/cassandra_service.go:52.2,53.32 2 24
github.com/memikequinn/lfs-server-go/cassandra_service.go:33.16,35.3 1 0
github.com/memikequinn/lfs-server-go/cassandra_service.go:40.16,42.3 1 0
github.com/memikequinn/lfs-server-go/cassandra_service.go:47.16,49.3 1 0
github.com/memikequinn/lfs-server-go/cassandra_service.go:56.50,62.2 5 8
github.com/memikequinn/lfs-server-go/errors.go:19.42,23.43 2 0
github.com/memikequinn/lfs-server-go/errors.go:26.2,26.14 1 0
github.com/memikequinn/lfs-server-go/errors.go:23.43,25.3 1 0
github.com/memikequinn/lfs-server-go/errors.go:28.43,32.44 2 0
github.com/memikequinn/lfs-server-go/errors.go:35.2,35.14 1 0
github.com/memikequinn/lfs-server-go/errors.go:32.44,34.3 1 0
github.com/memikequinn/lfs-server-go/main.go:32.65,34.16 2 0
github.com/memikequinn/lfs-server-go/main.go:37.2,39.16 3 0
github.com/memikequinn/lfs-server-go/main.go:34.16,36.3 1 0
github.com/memikequinn/lfs-server-go/main.go:42.72,47.30 3 0
github.com/memikequinn/lfs-server-go/main.go:51.2,53.16 3 0
github.com/memikequinn/lfs-server-go/main.go:57.2,60.25 3 0
github.com/memikequinn/lfs-server-go/main.go:47.30,49.3 1 0
github.com/memikequinn/lfs-server-go/main.go:53.16,55.3 1 0
github.com/memikequinn/lfs-server-go/main.go:63.48,64.29 1 0
github.com/memikequinn/lfs-server-go/main.go:65.2,67.16 2 0
github.com/memikequinn/lfs-server-go/main.go:68.2,70.16 2 0
github.com/memikequinn/lfs-server-go/main.go:71.2,73.16 2 0
github.com/memikequinn/lfs-server-go/main.go:77.54,79.29 2 0
github.com/memikequinn/lfs-server-go/main.go:80.2,81.45 1 0
github.com/memikequinn/lfs-server-go/main.go:82.2,83.30 1 0
github.com/memikequinn/lfs-server-go/main.go:84.2,85.45 1 0
github.com/memikequinn/lfs-server-go/main.go:88.13,89.45 1 0
github.com/memikequinn/lfs-server-go/main.go:94.2,98.16 4 0
github.com/memikequinn/lfs-server-go/main.go:102.2,104.22 2 0
github.com/memikequinn/lfs-server-go/main.go:112.2,113.16 2 0
github.com/memikequinn/lfs-server-go/main.go:117.2,118.16 2 0
github.com/memikequinn/lfs-server-go/main.go:122.2,124.51 3 0
github.com/memikequinn/lfs-server-go/main.go:134.2,138.22 4 0
github.com/memikequinn/lfs-server-go/main.go:89.45,92.3 2 0
github.com/memikequinn/lfs-server-go/main.go:98.16,100.3 1 0
github.com/memikequinn/lfs-server-go/main.go:104.22,107.17 3 0
github.com/memikequinn/lfs-server-go/main.go:107.17,109.4 1 0
github.com/memikequinn/lfs-server-go/main.go:113.16,115.3 1 0
github.com/memikequinn/lfs-server-go/main.go:118.16,120.3 1 0
github.com/memikequinn/lfs-server-go/main.go:124.51,125.7 1 0
github.com/memikequinn/lfs-server-go/main.go:125.7,127.15 2 0
github.com/memikequinn/lfs-server-go/main.go:128.4,129.15 1 0
github.com/memikequinn/lfs-server-go/mgmt-css.rice-box.go:8.13,41.2 4 1
github.com/memikequinn/lfs-server-go/server.go:79.43,82.22 2 4
github.com/memikequinn/lfs-server-go/server.go:86.2,86.54 1 0
github.com/memikequinn/lfs-server-go/server.go:82.22,84.3 1 4
github.com/memikequinn/lfs-server-go/server.go:103.70,119.2 11 1
github.com/memikequinn/lfs-server-go/server.go:121.65,124.16 3 13
github.com/memikequinn/lfs-server-go/server.go:128.2,128.26 1 13
github.com/memikequinn/lfs-server-go/server.go:124.16,126.3 1 13
github.com/memikequinn/lfs-server-go/server.go:132.43,134.2 1 0
github.com/memikequinn/lfs-server-go/server.go:137.73,140.16 3 3
github.com/memikequinn/lfs-server-go/server.go:150.2,151.16 2 2
github.com/memikequinn/lfs-server-go/server.go:156.2,157.20 2 2
github.com/memikequinn/lfs-server-go/server.go:140.16,142.23 2 1
github.com/memikequinn/lfs-server-go/server.go:147.3,147.9 1 1
github.com/memikequinn/lfs-server-go/server.go:142.23,144.4 1 1
github.com/memikequinn/lfs-server-go/server.go:144.4,146.4 1 0
github.com/memikequinn/lfs-server-go/server.go:151.16,154.3 2 0
github.com/memikequinn/lfs-server-go/server.go:161.36,163.16 2 0
github.com/memikequinn/lfs-server-go/server.go:166.2,167.30 2 0
github.com/memikequinn/lfs-server-go/server.go:177.2,177.14 1 0
github.com/memikequinn/lfs-server-go/server.go:163.16,164.13 1 0
github.com/memikequinn/lfs-server-go/server.go:167.30,168.18 1 0
github.com/memikequinn/lfs-server-go/server.go:168.18,170.4 1 0
github.com/memikequinn/lfs-server-go/server.go:170.4,172.34 2 0
github.com/memikequinn/lfs-server-go/server.go:172.34,174.5 1 0
github.com/memikequinn/lfs-server-go/server.go:181.70,184.16 3 2
github.com/memikequinn/lfs-server-go/server.go:193.2,195.23 2 1
github.com/memikequinn/lfs-server-go/server.go:200.2,200.20 1 1
github.com/memikequinn/lfs-server-go/server.go:184.16,185.23 1 1
github.com/memikequinn/lfs-server-go/server.go:190.3,190.9 1 1
github.com/memikequinn/lfs-server-go/server.go:185.23,187.4 1 1
github.com/memikequinn/lfs-server-go/server.go:187.4,189.4 1 0
github.com/memikequinn/lfs-server-go/server.go:195.23,198.3 2 1
github.com/memikequinn/lfs-server-go/server.go:204.67,208.16 3 3
github.com/memikequinn/lfs-server-go/server.go:217.2,220.50 3 2
github.com/memikequinn/lfs-server-go/server.go:223.2,227.27 4 2
github.com/memikequinn/lfs-server-go/server.go:208.16,209.23 1 1
github.com/memikequinn/lfs-server-go/server.go:214.3,214.9 1 1
github.com/memikequinn/lfs-server-go/server.go:209.23,211.4 1 1
github.com/memikequinn/lfs-server-go/server.go:211.4,213.4 1 0
github.com/memikequinn/lfs-server-go/server.go:220.50,222.3 1 1
github.com/memikequinn/lfs-server-go/server.go:231.68,237.36 3 0
github.com/memikequinn/lfs-server-go/server.go:256.2,266.20 6 0
github.com/memikequinn/lfs-server-go/server.go:237.36,239.17 2 0
github.com/memikequinn/lfs-server-go/server.go:244.3,244.23 1 0
github.com/memikequinn/lfs-server-go/server.go:250.3,251.17 2 0
github.com/memikequinn/lfs-server-go/server.go:239.17,241.12 2 0
github.com/memikequinn/lfs-server-go/server.go:244.23,247.4 2 0
github.com/memikequinn/lfs-server-go/server.go:251.17,253.4 1 0
github.com/memikequinn/lfs-server-go/server.go:270.66,273.16 3 1
github.com/memikequinn/lfs-server-go/server.go:282.2,282.57 1 1
github.com/memikequinn/lfs-server-go/server.go:288.2,288.20 1 1
github.com/memikequinn/lfs-server-go/server.go:273.16,274.23 1 0
github.com/memikequinn/lfs-server-go/server.go:279.3,279.9 1 0
github.com/memikequinn/lfs-server-go/server.go:274.23,276.4 1 0
github.com/memikequinn/lfs-server-go/server.go:276.4,278.4 1 0
github.com/memikequinn/lfs-server-go/server.go:282.57,286.3 3 0
github.com/memikequinn/lfs-server-go/server.go:293.99,302.24 4 3
github.com/memikequinn/lfs-server-go/server.go:305.2,305.14 1 3
github.com/memikequinn/lfs-server-go/server.go:309.2,309.12 1 3
github.com/memikequinn/lfs-server-go/server.go:312.2,312.12 1 3
github.com/memikequinn/lfs-server-go/server.go:302.24,304.3 1 3
github.com/memikequinn/lfs-server-go/server.go:305.14,307.3 1 2
github.com/memikequinn/lfs-server-go/server.go:309.12,311.3 1 2
github.com/memikequinn/lfs-server-go/server.go:317.62,321.2 3 9
github.com/memikequinn/lfs-server-go/server.go:325.59,329.2 3 7
github.com/memikequinn/lfs-server-go/server.go:331.43,340.24 3 9
github.com/memikequinn/lfs-server-go/server.go:352.2,352.11 1 9
github.com/memikequinn/lfs-server-go/server.go:340.24,344.17 4 3
github.com/memikequinn/lfs-server-go/server.go:348.3,349.19 2 3
github.com/memikequinn/lfs-server-go/server.go:344.17,346.4 1 0
github.com/memikequinn/lfs-server-go/server.go:356.46,363.16 5 0
github.com/memikequinn/lfs-server-go/server.go:367.2,367.39 1 0
github.com/memikequinn/lfs-server-go/server.go:373.2,373.12 1 0
github.com/memikequinn/lfs-server-go/server.go:363.16,365.3 1 0
github.com/memikequinn/lfs-server-go/server.go:367.39,371.3 3 0
github.com/memikequinn/lfs-server-go/server.go:376.70,381.36 4 3
github.com/memikequinn/lfs-server-go/server.go:385.2,387.23 3 3
github.com/memikequinn/lfs-server-go/server.go:381.36,383.3 1 2
github.com/memikequinn/lfs-server-go/server.go:390.46,392.2 1 9
github.com/memikequinn/lfs-server-go/server.go:394.34,398.35 2 7
github.com/memikequinn/lfs-server-go/server.go:401.2,401.14 1 0
github.com/memikequinn/lfs-server-go/server.go:398.35,400.3 1 7
github.com/memikequinn/lfs-server-go/server.go:404.58,407.2 2 3
github.com/memikequinn/lfs-server-go/cassandra_meta_store.go:18.96,19.32 1 8
github.com/memikequinn/lfs-server-go/cassandra_meta_store.go:22.2,23.74 2 8
github.com/memikequinn/lfs-server-go/cassandra_meta_store.go:19.32,21.3 1 8
github.com/memikequinn/lfs-server-go/cassandra_meta_store.go:26.41,29.2 2 0
github.com/memikequinn/lfs-server-go/cassandra_meta_store.go:31.69,34.34 3 10
github.com/memikequinn/lfs-server-go/cassandra_meta_store.go:38.2,39.12 2 9
github.com/memikequinn/lfs-server-go/cassandra_meta_store.go:34.34,37.3 1 1
github.com/memikequinn/lfs-server-go/cassandra_meta_store.go:42.83,47.2 3 9
github.com/memikequinn/lfs-server-go/cassandra_meta_store.go:49.73,51.2 1 10
github.com/memikequinn/lfs-server-go/cassandra_meta_store.go:53.61,61.2 1 1
github.com/memikequinn/lfs-server-go/cassandra_meta_store.go:63.81,71.2 2 1
github.com/memikequinn/lfs-server-go/cassandra_meta_store.go:73.73,75.2 1 1
github.com/memikequinn/lfs-server-go/cassandra_meta_store.go:77.87,78.23 1 11
github.com/memikequinn/lfs-server-go/cassandra_meta_store.go:81.2,86.19 6 10
github.com/memikequinn/lfs-server-go/cassandra_meta_store.go:89.2,89.17 1 1
github.com/memikequinn/lfs-server-go/cassandra_meta_store.go:78.23,80.3 1 1
github.com/memikequinn/lfs-server-go/cassandra_meta_store.go:86.19,88.3 1 9
github.com/memikequinn/lfs-server-go/cassandra_meta_store.go:92.74,98.18 6 15
github.com/memikequinn/lfs-server-go/cassandra_meta_store.go:101.2,101.17 1 5
github.com/memikequinn/lfs-server-go/cassandra_meta_store.go:98.18,100.3 1 10
github.com/memikequinn/lfs-server-go/cassandra_meta_store.go:107.70,112.28 5 3
github.com/memikequinn/lfs-server-go/cassandra_meta_store.go:115.2,116.22 2 3
github.com/memikequinn/lfs-server-go/cassandra_meta_store.go:112.28,114.3 1 5
github.com/memikequinn/lfs-server-go/cassandra_meta_store.go:122.75,128.29 5 2
github.com/memikequinn/lfs-server-go/cassandra_meta_store.go:131.2,132.28 2 2
github.com/memikequinn/lfs-server-go/cassandra_meta_store.go:135.2,135.26 1 2
github.com/memikequinn/lfs-server-go/cassandra_meta_store.go:128.29,130.3 1 4
github.com/memikequinn/lfs-server-go/cassandra_meta_store.go:132.28,134.3 1 0
github.com/memikequinn/lfs-server-go/cassandra_meta_store.go:151.74,152.41 1 12
github.com/memikequinn/lfs-server-go/cassandra_meta_store.go:156.2,156.42 1 11
github.com/memikequinn/lfs-server-go/cassandra_meta_store.go:160.2,165.18 6 9
github.com/memikequinn/lfs-server-go/cassandra_meta_store.go:174.2,174.16 1 9
github.com/memikequinn/lfs-server-go/cassandra_meta_store.go:177.2,177.19 1 9
github.com/memikequinn/lfs-server-go/cassandra_meta_store.go:152.41,155.3 2 1
github.com/memikequinn/lfs-server-go/cassandra_meta_store.go:156.42,159.3 2 2
github.com/memikequinn/lfs-server-go/cassandra_meta_store.go:165.18,168.18 2 8
github.com/memikequinn/lfs-server-go/cassandra_meta_store.go:172.3,172.46 1 8
github.com/memikequinn/lfs-server-go/cassandra_meta_store.go:168.18,171.4 1 8
github.com/memikequinn/lfs-server-go/cassandra_meta_store.go:174.16,176.3 1 0
github.com/memikequinn/lfs-server-go/cassandra_meta_store.go:192.74,193.41 1 15
github.com/memikequinn/lfs-server-go/cassandra_meta_store.go:197.2,198.16 2 14
github.com/memikequinn/lfs-server-go/cassandra_meta_store.go:201.2,205.16 5 4
github.com/memikequinn/lfs-server-go/cassandra_meta_store.go:208.2,208.19 1 4
github.com/memikequinn/lfs-server-go/cassandra_meta_store.go:193.41,196.3 2 1
github.com/memikequinn/lfs-server-go/cassandra_meta_store.go:198.16,200.3 1 10
github.com/memikequinn/lfs-server-go/cassandra_meta_store.go:205.16,207.3 1 0
github.com/memikequinn/lfs-server-go/cassandra_meta_store.go:215.74,220.19 5 36
github.com/memikequinn/lfs-server-go/cassandra_meta_store.go:223.2,223.17 1 26
github.com/memikequinn/lfs-server-go/cassandra_meta_store.go:220.19,222.3 1 10
github.com/memikequinn/lfs-server-go/cassandra_meta_store.go:229.66,230.25 1 9
github.com/memikequinn/lfs-server-go/cassandra_meta_store.go:233.2,235.17 2 9
github.com/memikequinn/lfs-server-go/cassandra_meta_store.go:238.2,239.16 2 8
github.com/memikequinn/lfs-server-go/cassandra_meta_store.go:243.2,243.109 1 8
github.com/memikequinn/lfs-server-go/cassandra_meta_store.go:230.25,232.3 1 0
github.com/memikequinn/lfs-server-go/cassandra_meta_store.go:235.17,237.3 1 1
github.com/memikequinn/lfs-server-go/cassandra_meta_store.go:239.16,241.3 1 0
github.com/memikequinn/lfs-server-go/cassandra_meta_store.go:250.63,251.25 1 1
github.com/memikequinn/lfs-server-go/cassandra_meta_store.go:254.2,254.79 1 1
github.com/memikequinn/lfs-server-go/cassandra_meta_store.go:251.25,253.3 1 0
github.com/memikequinn/lfs-server-go/cassandra_meta_store.go:260.62,261.25 1 2
github.com/memikequinn/lfs-server-go/cassandra_meta_store.go:264.2,268.18 5 1
github.com/memikequinn/lfs-server-go/cassandra_meta_store.go:271.2,271.19 1 1
github.com/memikequinn/lfs-server-go/cassandra_meta_store.go:261.25,263.3 1 1
github.com/memikequinn/lfs-server-go/cassandra_meta_store.go:268.18,270.3 1 1
github.com/memikequinn/lfs-server-go/cassandra_meta_store.go:277.66,279.16 2 1
github.com/memikequinn/lfs-server-go/cassandra_meta_store.go:282.2,282.16 1 1
github.com/memikequinn/lfs-server-go/cassandra_meta_store.go:279.16,281.3 1 0
github.com/memikequinn/lfs-server-go/cassandra_meta_store.go:288.68,290.16 2 1
github.com/memikequinn/lfs-server-go/cassandra_meta_store.go:293.2,293.16 1 1
github.com/memikequinn/lfs-server-go/cassandra_meta_store.go:290.16,292.3 1 0
github.com/memikequinn/lfs-server-go/cassandra_meta_store.go:300.73,301.23 1 27
github.com/memikequinn/lfs-server-go/cassandra_meta_store.go:305.2,305.25 1 27
github.com/memikequinn/lfs-server-go/cassandra_meta_store.go:309.2,309.49 1 27
github.com/memikequinn/lfs-server-go/cassandra_meta_store.go:313.2,314.16 2 27
github.com/memikequinn/lfs-server-go/cassandra_meta_store.go:318.2,320.11 3 27
github.com/memikequinn/lfs-server-go/cassandra_meta_store.go:323.2,325.25 2 27
github.com/memikequinn/lfs-server-go/cassandra_meta_store.go:328.2,329.16 2 27
github.com/memikequinn/lfs-server-go/cassandra_meta_store.go:334.2,335.16 2 25
github.com/memikequinn/lfs-server-go/cassandra_meta_store.go:338.2,338.14 1 25
github.com/memikequinn/lfs-server-go/cassandra_meta_store.go:301.23,303.3 1 0
github.com/memikequinn/lfs-server-go/cassandra_meta_store.go:305.25,307.3 1 0
github.com/memikequinn/lfs-server-go/cassandra_meta_store.go:309.49,311.3 1 0
github.com/memikequinn/lfs-server-go/cassandra_meta_store.go:314.16,317.3 2 0
github.com/memikequinn/lfs-server-go/cassandra_meta_store.go:320.11,322.3 1 0
github.com/memikequinn/lfs-server-go/cassandra_meta_store.go:325.25,327.3 1 0
github.com/memikequinn/lfs-server-go/cassandra_meta_store.go:329.16,332.3 2 2
github.com/memikequinn/lfs-server-go/cassandra_meta_store.go:335.16,337.3 1 0
github.com/memikequinn/lfs-server-go/config.go:60.40,62.2 1 4
github.com/memikequinn/lfs-server-go/config.go:64.41,66.2 1 59
github.com/memikequinn/lfs-server-go/config.go:75.13,77.16 2 1
github.com/memikequinn/lfs-server-go/config.go:80.2,80.17 1 1
github.com/memikequinn/lfs-server-go/config.go:84.2,111.24 9 1
github.com/memikequinn/lfs-server-go/config.go:77.16,78.58 1 0
github.com/memikequinn/lfs-server-go/config.go:80.17,82.3 1 0
github.com/memikequinn/lfs-server-go/config.go:115.56,117.52 2 0
github.com/memikequinn/lfs-server-go/config.go:122.2,122.19 1 0
github.com/memikequinn/lfs-server-go/config.go:117.52,121.3 3 0
github.com/memikequinn/lfs-server-go/mgmt-js.rice-box.go:8.13,41.2 4 1
github.com/memikequinn/lfs-server-go/user_service.go:40.41,41.35 1 2
github.com/memikequinn/lfs-server-go/user_service.go:46.2,46.14 1 1
github.com/memikequinn/lfs-server-go/user_service.go:41.35,42.21 1 5
github.com/memikequinn/lfs-server-go/user_service.go:42.21,44.4 1 1
github.com/memikequinn/lfs-server-go/user_service.go:49.95,55.28 4 2
github.com/memikequinn/lfs-server-go/user_service.go:59.2,59.11 1 2
github.com/memikequinn/lfs-server-go/user_service.go:55.28,58.3 2 1
github.com/memikequinn/lfs-server-go/user_service.go:63.44,69.76 5 7
github.com/memikequinn/lfs-server-go/user_service.go:69.76,72.3 2 7
github.com/memikequinn/lfs-server-go/user_service.go:72.3,75.3 2 0
github.com/memikequinn/lfs-server-go/user_service.go:79.35,80.35 1 4
github.com/memikequinn/lfs-server-go/user_service.go:83.2,83.37 1 4
github.com/memikequinn/lfs-server-go/user_service.go:80.35,82.3 1 1
github.com/memikequinn/lfs-server-go/downloader.go:25.38,27.23 1 8
github.com/memikequinn/lfs-server-go/downloader.go:30.2,31.16 2 1
github.com/memikequinn/lfs-server-go/downloader.go:34.2,38.12 5 0
github.com/memikequinn/lfs-server-go/downloader.go:27.23,29.3 1 7
github.com/memikequinn/lfs-server-go/downloader.go:31.16,33.3 1 1
github.com/memikequinn/lfs-server-go/downloader.go:41.44,43.2 1 3
github.com/memikequinn/lfs-server-go/kvlogger.go:19.13,22.16 3 1
github.com/memikequinn/lfs-server-go/kvlogger.go:22.16,24.3 1 0
github.com/memikequinn/lfs-server-go/kvlogger.go:24.3,26.3 1 1
github.com/memikequinn/lfs-server-go/kvlogger.go:38.43,40.2 1 2
github.com/memikequinn/lfs-server-go/kvlogger.go:43.33,49.8 5 70
github.com/memikequinn/lfs-server-go/kvlogger.go:56.2,59.25 3 70
github.com/memikequinn/lfs-server-go/kvlogger.go:62.2,66.15 4 70
github.com/memikequinn/lfs-server-go/kvlogger.go:49.8,51.3 1 70
github.com/memikequinn/lfs-server-go/kvlogger.go:51.3,54.3 2 0
github.com/memikequinn/lfs-server-go/kvlogger.go:59.25,61.3 1 158
github.com/memikequinn/lfs-server-go/kvlogger.go:70.35,73.2 2 0
github.com/memikequinn/lfs-server-go/meta_store_auth.go:13.35,15.2 1 6
github.com/memikequinn/lfs-server-go/meta_store_auth.go:17.46,20.16 3 5
github.com/memikequinn/lfs-server-go/meta_store_auth.go:23.2,24.24 2 5
github.com/memikequinn/lfs-server-go/meta_store_auth.go:36.2,37.44 2 5
github.com/memikequinn/lfs-server-go/meta_store_auth.go:42.2,42.16 1 5
github.com/memikequinn/lfs-server-go/meta_store_auth.go:46.2,46.21 1 5
github.com/memikequinn/lfs-server-go/meta_store_auth.go:20.16,22.3 1 0
github.com/memikequinn/lfs-server-go/meta_store_auth.go:24.24,25.22 1 5
github.com/memikequinn/lfs-server-go/meta_store_auth.go:25.22,27.4 1 0
github.com/memikequinn/lfs-server-go/meta_store_auth.go:27.4,30.16 3 5
github.com/memikequinn/lfs-server-go/meta_store_auth.go:33.4,33.23 1 5
github.com/memikequinn/lfs-server-go/meta_store_auth.go:30.16,31.13 1 0
github.com/memikequinn/lfs-server-go/meta_store_auth.go:37.44,39.3 1 0
github.com/memikequinn/lfs-server-go/meta_store_auth.go:39.3,41.3 1 5
github.com/memikequinn/lfs-server-go/meta_store_auth.go:42.16,45.3 2 0
github.com/memikequinn/lfs-server-go/meta_store_auth.go:49.73,51.16 2 1
github.com/memikequinn/lfs-server-go/meta_store_auth.go:55.2,57.16 3 1
github.com/memikequinn/lfs-server-go/meta_store_auth.go:61.2,61.63 1 1
github.com/memikequinn/lfs-server-go/meta_store_auth.go:68.2,68.25 1 1
github.com/memikequinn/lfs-server-go/meta_store_auth.go:71.2,71.15 1 1
github.com/memikequinn/lfs-server-go/meta_store_auth.go:51.16,54.3 2 0
github.com/memikequinn/lfs-server-go/meta_store_auth.go:57.16,60.3 2 0
github.com/memikequinn/lfs-server-go/meta_store_auth.go:61.63,63.17 2 1
github.com/memikequinn/lfs-server-go/meta_store_auth.go:63.17,66.4 2 0
github.com/memikequinn/lfs-server-go/meta_store_auth.go:68.25,70.3 1 0
github.com/memikequinn/lfs-server-go/meta_store_auth.go:75.50,77.16 2 3
github.com/memikequinn/lfs-server-go/meta_store_auth.go:81.2,84.17 4 3
github.com/memikequinn/lfs-server-go/meta_store_auth.go:87.2,87.13 1 3
github.com/memikequinn/lfs-server-go/meta_store_auth.go:77.16,80.3 2 0
github.com/memikequinn/lfs-server-go/meta_store_auth.go:84.17,86.3 1 2
github.com/memikequinn/lfs-server-go/meta_store_auth.go:92.51,94.16 2 0
github.com/memikequinn/lfs-server-go/meta_store_auth.go:98.2,98.31 1 0
github.com/memikequinn/lfs-server-go/meta_store_auth.go:94.16,97.3 2 0
github.com/memikequinn/lfs-server-go/meta_store_auth.go:101.46,113.16 4 0
github.com/memikequinn/lfs-server-go/meta_store_auth.go:117.2,117.24 1 0
github.com/memikequinn/lfs-server-go/meta_store_auth.go:120.2,120.32 1 0
github.com/memikequinn/lfs-server-go/meta_store_auth.go:113.16,116.3 2 0
github.com/memikequinn/lfs-server-go/meta_store_auth.go:117.24,119.3 1 0
github.com/memikequinn/lfs-server-go/meta_store_auth.go:127.37,129.2 1 7
github.com/memikequinn/lfs-server-go/meta_store_auth.go:131.27,133.2 1 7
github.com/memikequinn/lfs-server-go/mgmt.go:27.38,40.2 11 1
github.com/memikequinn/lfs-server-go/mgmt.go:42.57,45.16 3 0
github.com/memikequinn/lfs-server-go/mgmt.go:50.2,53.11 3 0
github.com/memikequinn/lfs-server-go/mgmt.go:45.16,48.3 2 0
github.com/memikequinn/lfs-server-go/mgmt.go:56.56,59.16 3 0
github.com/memikequinn/lfs-server-go/mgmt.go:64.2,67.11 3 0
github.com/memikequinn/lfs-server-go/mgmt.go:59.16,62.3 2 0
github.com/memikequinn/lfs-server-go/mgmt.go:70.53,71.54 1 8
github.com/memikequinn/lfs-server-go/mgmt.go:71.54,72.55 1 0
github.com/memikequinn/lfs-server-go/mgmt.go:77.3,78.10 2 0
github.com/memikequinn/lfs-server-go/mgmt.go:84.3,84.59 1 0
github.com/memikequinn/lfs-server-go/mgmt.go:90.3,91.21 2 0
github.com/memikequinn/lfs-server-go/mgmt.go:72.55,75.4 2 0
github.com/memikequinn/lfs-server-go/mgmt.go:78.10,82.4 3 0
github.com/memikequinn/lfs-server-go/mgmt.go:84.59,88.4 3 0
github.com/memikequinn/lfs-server-go/mgmt.go:95.68,96.123 1 0
github.com/memikequinn/lfs-server-go/mgmt.go:96.123,98.3 1 0
github.com/memikequinn/lfs-server-go/mgmt.go:101.70,103.16 2 0
github.com/memikequinn/lfs-server-go/mgmt.go:108.2,108.95 1 0
github.com/memikequinn/lfs-server-go/mgmt.go:103.16,106.3 2 0
github.com/memikequinn/lfs-server-go/mgmt.go:108.95,110.3 1 0
github.com/memikequinn/lfs-server-go/mgmt.go:113.71,115.16 2 0
github.com/memikequinn/lfs-server-go/mgmt.go:120.2,120.99 1 0
github.com/memikequinn/lfs-server-go/mgmt.go:115.16,118.3 2 0
github.com/memikequinn/lfs-server-go/mgmt.go:120.99,122.3 1 0
github.com/memikequinn/lfs-server-go/mgmt.go:125.68,127.16 2 0
github.com/memikequinn/lfs-server-go/mgmt.go:132.2,132.87 1 0
github.com/memikequinn/lfs-server-go/mgmt.go:127.16,130.3 2 0
github.com/memikequinn/lfs-server-go/mgmt.go:132.87,134.3 1 0
github.com/memikequinn/lfs-server-go/mgmt.go:137.70,140.30 3 0
github.com/memikequinn/lfs-server-go/mgmt.go:145.2,145.56 1 0
github.com/memikequinn/lfs-server-go/mgmt.go:150.2,150.41 1 0
github.com/memikequinn/lfs-server-go/mgmt.go:140.30,143.3 2 0
github.com/memikequinn/lfs-server-go/mgmt.go:145.56,148.3 2 0
github.com/memikequinn/lfs-server-go/mgmt.go:153.70,155.16 2 0
github.com/memikequinn/lfs-server-go/mgmt.go:160.2,160.53 1 0
github.com/memikequinn/lfs-server-go/mgmt.go:165.2,165.41 1 0
github.com/memikequinn/lfs-server-go/mgmt.go:155.16,158.3 2 0
github.com/memikequinn/lfs-server-go/mgmt.go:160.53,163.3 2 0
github.com/memikequinn/lfs-server-go/mgmt.go:168.70,170.16 2 0
github.com/memikequinn/lfs-server-go/mgmt.go:174.2,175.16 2 0
github.com/memikequinn/lfs-server-go/mgmt.go:179.2,182.27 3 0
github.com/memikequinn/lfs-server-go/mgmt.go:170.16,172.3 1 0
github.com/memikequinn/lfs-server-go/mgmt.go:175.16,177.3 1 0
github.com/memikequinn/lfs-server-go/tracking_listener.go:23.66,27.16 3 0
github.com/memikequinn/lfs-server-go/tracking_listener.go:31.2,31.18 1 0
github.com/memikequinn/lfs-server-go/tracking_listener.go:57.2,57.89 1 0
github.com/memikequinn/lfs-server-go/tracking_listener.go:27.16,29.3 1 0
github.com/memikequinn/lfs-server-go/tracking_listener.go:32.2,34.17 2 0
github.com/memikequinn/lfs-server-go/tracking_listener.go:38.3,40.17 3 0
github.com/memikequinn/lfs-server-go/tracking_listener.go:43.2,45.17 2 0
github.com/memikequinn/lfs-server-go/tracking_listener.go:49.3,50.17 2 0
github.com/memikequinn/lfs-server-go/tracking_listener.go:53.2,54.72 1 0
github.com/memikequinn/lfs-server-go/tracking_listener.go:34.17,36.4 1 0
github.com/memikequinn/lfs-server-go/tracking_listener.go:40.17,42.4 1 0
github.com/memikequinn/lfs-server-go/tracking_listener.go:45.17,47.4 1 0
github.com/memikequinn/lfs-server-go/tracking_listener.go:50.17,52.4 1 0
github.com/memikequinn/lfs-server-go/tracking_listener.go:62.55,65.16 3 0
github.com/memikequinn/lfs-server-go/tracking_listener.go:70.2,75.15 2 0
github.com/memikequinn/lfs-server-go/tracking_listener.go:65.16,68.3 2 0
github.com/memikequinn/lfs-server-go/tracking_listener.go:80.46,83.2 2 0
github.com/memikequinn/lfs-server-go/tracking_listener.go:91.37,95.2 2 0
